<?xml version="1.0" encoding="UTF-8"?>
<!-- Generated by org.testng.reporters.JUnitReportReporter -->
<testsuite skipped="0" hostname="Betuls-Air.attlocal.net" name="com.class01.diffrentAnnotations" tests="2" failures="0" timestamp="2020-01-20T21:22:02 CST" time="0.022" errors="0">
  <testcase name="test" time="0.010" classname="com.class01.diffrentAnnotations"/>
  <testcase name="atest" time="0.012" classname="com.class01.diffrentAnnotations"/>
</testsuite> <!-- com.class01.diffrentAnnotations -->
