<?xml version="1.0" encoding="UTF-8"?>
<!-- Generated by org.testng.reporters.JUnitReportReporter -->
<testsuite skipped="0" hostname="Betuls-Air.attlocal.net" name="com.class01.TestNGDemo" tests="3" failures="0" timestamp="2020-01-12T20:20:56 CST" time="0.023" errors="0">
  <testcase name="testTwo" time="0.002" classname="com.class01.TestNGDemo"/>
  <testcase name="testOne" time="0.013" classname="com.class01.TestNGDemo"/>
  <testcase name="testThree" time="0.008" classname="com.class01.TestNGDemo"/>
</testsuite> <!-- com.class01.TestNGDemo -->
