<?xml version="1.0" encoding="UTF-8"?>
<!-- Generated by org.testng.reporters.JUnitReportReporter -->
<testsuite skipped="0" hostname="Betuls-Air.attlocal.net" name="com.reviewClass01.AnnotationDemo" tests="2" failures="0" timestamp="2020-01-15T18:54:07 CST" time="0.032" errors="0">
  <testcase name="testOne" time="0.030" classname="com.reviewClass01.AnnotationDemo"/>
  <testcase name="testTwo" time="0.002" classname="com.reviewClass01.AnnotationDemo"/>
</testsuite> <!-- com.reviewClass01.AnnotationDemo -->
