<?xml version="1.0" encoding="UTF-8"?>
<!-- Generated by org.testng.reporters.JUnitReportReporter -->
<testsuite skipped="0" hostname="Betuls-Air.attlocal.net" name="com.class04.LIstenersDemo" tests="3" failures="0" timestamp="2020-01-16T20:41:12 CST" time="0.024" errors="0">
  <testcase name="test2" time="0.002" classname="com.class04.LIstenersDemo"/>
  <testcase name="test1" time="0.020" classname="com.class04.LIstenersDemo"/>
  <testcase name="test3" time="0.002" classname="com.class04.LIstenersDemo"/>
</testsuite> <!-- com.class04.LIstenersDemo -->
