<?xml version="1.0" encoding="UTF-8"?>
<!-- Generated by org.testng.reporters.JUnitReportReporter -->
<testsuite skipped="0" hostname="Betuls-Air.attlocal.net" name="com.class01.diffrentAnnotations" tests="1" failures="0" timestamp="2020-01-12T20:19:16 CST" time="0.006" errors="0">
  <testcase name="test" time="0.006" classname="com.class01.diffrentAnnotations"/>
</testsuite> <!-- com.class01.diffrentAnnotations -->
