<?xml version="1.0" encoding="UTF-8"?>
<!-- Generated by org.testng.reporters.JUnitReportReporter -->
<testsuite skipped="0" hostname="Betuls-Air.attlocal.net" name="com.reviewClass01.PriorityDemo" tests="4" failures="0" timestamp="2020-01-15T19:47:19 CST" time="0.027" errors="0">
  <testcase name="D" time="0.017" classname="com.reviewClass01.PriorityDemo"/>
  <testcase name="A" time="0.003" classname="com.reviewClass01.PriorityDemo"/>
  <testcase name="B" time="0.005" classname="com.reviewClass01.PriorityDemo"/>
  <testcase name="C" time="0.002" classname="com.reviewClass01.PriorityDemo"/>
</testsuite> <!-- com.reviewClass01.PriorityDemo -->
