<?xml version="1.0" encoding="UTF-8"?>
<!-- Generated by org.testng.reporters.JUnitReportReporter -->
<testsuite skipped="0" hostname="Betuls-Air.attlocal.net" name="com.reviewClass01.ParametarizationDemo" tests="3" failures="0" timestamp="2020-01-15T21:00:47 CST" time="0.015" errors="0">
  <testcase name="testOne" time="0.002" classname="com.reviewClass01.ParametarizationDemo"/>
  <testcase name="testOne" time="0.001" classname="com.reviewClass01.ParametarizationDemo"/>
  <testcase name="testOne" time="0.012" classname="com.reviewClass01.ParametarizationDemo"/>
</testsuite> <!-- com.reviewClass01.ParametarizationDemo -->
