<?xml version="1.0" encoding="UTF-8"?>
<!-- Generated by org.testng.reporters.JUnitReportReporter -->
<testsuite skipped="0" hostname="Betuls-Air.attlocal.net" name="com.class01.Task2" tests="2" failures="0" timestamp="2020-01-12T22:21:27 CST" time="0.012" errors="0">
  <testcase name="test1" time="0.008" classname="com.class01.Task2"/>
  <testcase name="test2" time="0.004" classname="com.class01.Task2"/>
</testsuite> <!-- com.class01.Task2 -->
