<?xml version="1.0" encoding="UTF-8"?>
<!-- Generated by org.testng.reporters.JUnitReportReporter -->
<testsuite skipped="0" hostname="Betuls-Air.attlocal.net" name="com.class02.HW" tests="2" failures="0" timestamp="2020-01-12T23:31:55 CST" time="8.661" errors="0">
  <testcase name="validationOfMessage" time="4.294" classname="com.class02.HW"/>
  <testcase name="validationOfLogo" time="4.367" classname="com.class02.HW"/>
</testsuite> <!-- com.class02.HW -->
