<?xml version="1.0" encoding="UTF-8"?>
<!-- Generated by org.testng.reporters.JUnitReportReporter -->
<testsuite skipped="0" hostname="Betuls-Air.attlocal.net" name="com.class02.Task" tests="1" failures="0" timestamp="2020-01-15T14:12:04 CST" time="12.203" errors="0">
  <testcase name="verifyLabel" time="12.203" classname="com.class02.Task"/>
</testsuite> <!-- com.class02.Task -->
