<?xml version="1.0" encoding="UTF-8"?>
<!-- Generated by org.testng.reporters.JUnitReportReporter -->
<testsuite skipped="0" hostname="Betuls-Air.attlocal.net" name="com.reviewClass01.AnnotationsDemo" tests="3" failures="0" timestamp="2020-01-15T18:59:18 CST" time="0.012" errors="0">
  <testcase name="test1" time="0.008" classname="com.reviewClass01.AnnotationsDemo"/>
  <testcase name="test2" time="0.002" classname="com.reviewClass01.AnnotationsDemo"/>
  <testcase name="test3" time="0.002" classname="com.reviewClass01.AnnotationsDemo"/>
</testsuite> <!-- com.reviewClass01.AnnotationsDemo -->
