<?xml version="1.0" encoding="UTF-8"?>
<!-- Generated by org.testng.reporters.JUnitReportReporter -->
<testsuite skipped="0" hostname="Betuls-Air.attlocal.net" name="com.class01.TitleLogoAndLoginVerification" tests="3" failures="0" timestamp="2020-01-15T14:12:04 CST" time="11.784" errors="0">
  <testcase name="validLogin" time="6.682" classname="com.class01.TitleLogoAndLoginVerification"/>
  <testcase name="titleVAlidation" time="2.286" classname="com.class01.TitleLogoAndLoginVerification"/>
  <testcase name="LogoValidation" time="2.816" classname="com.class01.TitleLogoAndLoginVerification"/>
</testsuite> <!-- com.class01.TitleLogoAndLoginVerification -->
