<?xml version="1.0" encoding="UTF-8"?>
<!-- Generated by org.testng.reporters.JUnitReportReporter -->
<testsuite skipped="0" hostname="Betuls-Air.attlocal.net" name="com.class03.AlwaysRun" tests="1" failures="0" timestamp="2020-01-14T18:27:08 CST" time="0.026" errors="0">
  <testcase name="test" time="0.026" classname="com.class03.AlwaysRun"/>
</testsuite> <!-- com.class03.AlwaysRun -->
