<?xml version="1.0" encoding="UTF-8"?>
<!-- Generated by org.testng.reporters.JUnitReportReporter -->
<testsuite skipped="0" hostname="Betuls-Air.attlocal.net" name="com.class01.Task" tests="3" failures="0" timestamp="2020-01-12T20:19:44 CST" time="0.028" errors="0">
  <testcase name="Username" time="0.005" classname="com.class01.Task"/>
  <testcase name="LastName" time="0.018" classname="com.class01.Task"/>
  <testcase name="Login" time="0.005" classname="com.class01.Task"/>
</testsuite> <!-- com.class01.Task -->
